\BOOKMARK [1][-]{section.1}{Dimensionality Reduction}{}% 1
\BOOKMARK [1][-]{section.2}{Multi-Dimensional Scaling}{}% 2
\BOOKMARK [1][-]{section.3}{Principal Component Analysis \(PCA\) and Linear Discriminant Analysis \(LDA\)}{}% 3
\BOOKMARK [2][-]{subsection.3.1}{Principal component Analysis}{section.3}% 4
\BOOKMARK [2][-]{subsection.3.2}{Linear discriminant analysis}{section.3}% 5
\BOOKMARK [1][-]{section.4}{Demonstration of Dimensionality Reduction}{}% 6
\BOOKMARK [2][-]{subsection.4.1}{Imporing necessary libraries}{section.4}% 7
\BOOKMARK [3][-]{subsubsection.4.1.1}{Get the data from here:}{subsection.4.1}% 8
\BOOKMARK [2][-]{subsection.4.2}{View data samples}{section.4}% 9
\BOOKMARK [2][-]{subsection.4.3}{Checking data dimensions}{section.4}% 10
\BOOKMARK [2][-]{subsection.4.4}{Exploring statistical moments of the data}{section.4}% 11
\BOOKMARK [2][-]{subsection.4.5}{Exploring the distribution of classes}{section.4}% 12
\BOOKMARK [2][-]{subsection.4.6}{Train-Test split}{section.4}% 13
\BOOKMARK [2][-]{subsection.4.7}{Applying PCA on the data}{section.4}% 14
\BOOKMARK [2][-]{subsection.4.8}{Visualization of PCA components.}{section.4}% 15
\BOOKMARK [3][-]{subsubsection.4.8.1}{3-Dimensional visualization}{subsection.4.8}% 16
\BOOKMARK [2][-]{subsection.4.9}{Applying LDA on the dataset}{section.4}% 17
\BOOKMARK [2][-]{subsection.4.10}{Training Neural Net on original data features}{section.4}% 18
\BOOKMARK [2][-]{subsection.4.11}{Training Neural net on PCA features}{section.4}% 19
\BOOKMARK [2][-]{subsection.4.12}{Training a Neual net on LDA feature space}{section.4}% 20
